<?xml version="1.0" encoding="UTF-8"?>
<!-- Generated by org.testng.reporters.JUnitXMLReporter -->
<testsuite ignored="0" hostname="sy-mb-air.local" failures="0" tests="5" name="Surefire test" time="0.031" errors="0" timestamp="2022-06-08T14:07:23 SGT">
  <testcase classname="Bank.AppTest" name="testValidFdaChangeInterest on testValidFdaChangeInterest(Bank.AppTest)" time="0.005"/>
  <testcase classname="Bank.AppTest" name="testBankAcc on testBankAcc(Bank.AppTest)" time="0.016"/>
  <testcase classname="Bank.AppTest" name="testInvalidFdaChangeInterest on testInvalidFdaChangeInterest(Bank.AppTest)" time="0.015"/>
  <testcase classname="Bank.AppTest" name="testValidFdaChangeDuration on testValidFdaChangeDuration(Bank.AppTest)" time="0.015"/>
  <testcase classname="Bank.AppTest" name="testInvalidFdaChangeDuration on testInvalidFdaChangeDuration(Bank.AppTest)" time="0.015"/>
</testsuite> <!-- Surefire test -->
